
> Configure project :app
WARNING: The option setting 'android.usesSdkInManifest.disallowed=false' is deprecated.
The current default is 'true'.
It will be removed in version 10.0 of the Android Gradle plugin.
WARNING: The option setting 'android.sdk.defaultTargetSdkToCompileSdkIfUnset=false' is deprecated.
The current default is 'true'.
It will be removed in version 10.0 of the Android Gradle plugin.
WARNING: The option setting 'android.enableAppCompileTimeRClass=false' is deprecated.
The current default is 'true'.
It will be removed in version 10.0 of the Android Gradle plugin.
WARNING: The option setting 'android.builtInKotlin=false' is deprecated.
The current default is 'true'.
It will be removed in version 10.0 of the Android Gradle plugin.
WARNING: The option setting 'android.newDsl=false' is deprecated.
The current default is 'true'.
It will be removed in version 10.0 of the Android Gradle plugin.
WARNING: The option setting 'android.r8.optimizedResourceShrinking=false' is deprecated.
The current default is 'true'.
It will be removed in version 10.0 of the Android Gradle plugin.
WARNING: The option setting 'android.defaults.buildfeatures.resvalues=true' is deprecated.
The current default is 'false'.
It will be removed in version 10.0 of the Android Gradle plugin.
WARNING: The option setting 'android.enableJetifier=true' is deprecated.
The current default is 'false'.
It will be removed in version 10.0 of the Android Gradle plugin.
w: file:///Users/tommichaeli/AndroidStudioProjects/WorkoutApp/app/build.gradle.kts:10:1: 'fun Project.android(configure: Action<BaseAppModuleExtension>): Unit' is deprecated. Replaced by com.android.build.api.dsl.ApplicationExtension.
This class is not used for the public extensions in AGP when android.newDsl=true, which is the default in AGP 9.0, and will be removed in AGP 10.0.
w: file:///Users/tommichaeli/AndroidStudioProjects/WorkoutApp/app/build.gradle.kts:37:5: 'fun BaseAppModuleExtension.kotlinOptions(configure: Action<DeprecatedKotlinJvmOptions>): Unit' is deprecated. Please migrate to the compilerOptions DSL. More details are here: https://kotl.in/u1r8ln.
w: file:///Users/tommichaeli/AndroidStudioProjects/WorkoutApp/app/build.gradle.kts:38:9: 'var jvmTarget: String' is deprecated. Please migrate to the compilerOptions DSL. More details are here: https://kotl.in/u1r8ln.
WARNING: The property android.dependency.excludeLibraryComponentsFromConstraints improves project import performance for very large projects. It should be enabled to improve performance.
To suppress this warning, add android.generateSyncIssueWhenLibraryConstraintsAreEnabled=false to gradle.properties
WARNING: The property android.dependency.excludeLibraryComponentsFromConstraints improves project import performance for very large projects. It should be enabled to improve performance.
To suppress this warning, add android.generateSyncIssueWhenLibraryConstraintsAreEnabled=false to gradle.properties
WARNING: The property android.dependency.excludeLibraryComponentsFromConstraints improves project import performance for very large projects. It should be enabled to improve performance.
To suppress this warning, add android.generateSyncIssueWhenLibraryConstraintsAreEnabled=false to gradle.properties
WARNING: The property android.dependency.excludeLibraryComponentsFromConstraints improves project import performance for very large projects. It should be enabled to improve performance.
To suppress this warning, add android.generateSyncIssueWhenLibraryConstraintsAreEnabled=false to gradle.properties

> Task :app:checkKotlinGradlePluginConfigurationErrors SKIPPED
> Task :app:preBuild UP-TO-DATE
> Task :app:preDebugBuild UP-TO-DATE

> Task :app:checkDebugAarMetadata
WARNING: [Processor] Library '/Users/tommichaeli/.gradle/caches/modules-2/files-2.1/androidx.media3/media3-ui/1.2.1/8794bbc81c7dd40754e9539fcdda1ba5c999e29b/media3-ui-1.2.1.aar' contains references to both AndroidX and old support library. This seems like the library is partially migrated. Jetifier will try to rewrite the library anyway.
 Example of androidX reference: 'androidx/media3/ui/PlayerNotificationManager'
 Example of support library reference: 'android/support/v4/media/session/MediaSessionCompat$Token'

> Task :app:generateDebugResValues
> Task :app:mapDebugSourceSetPaths
> Task :app:processDebugNavigationResources
> Task :app:compileDebugNavigationResources
> Task :app:generateDebugResources
> Task :app:packageDebugResources
> Task :app:mergeDebugResources
> Task :app:createDebugCompatibleScreenManifests
> Task :app:extractDeepLinksDebug
> Task :app:parseDebugLocalResources
> Task :app:processDebugMainManifest
> Task :app:processDebugManifest
> Task :app:preDebugUnitTestBuild UP-TO-DATE
> Task :app:javaPreCompileDebugUnitTest
> Task :app:processDebugManifestForPackage
> Task :app:javaPreCompileDebug
> Task :app:processDebugResources

> Task :app:kspDebugKotlin
e: [ksp] java.lang.IllegalStateException: unexpected jvm signature V

> Task :app:kspDebugKotlin FAILED

FAILURE: Build failed with an exception.

* What went wrong:
Execution failed for task ':app:kspDebugKotlin'.
> A failure occurred while executing com.google.devtools.ksp.gradle.KspAAWorkerAction
   > unexpected jvm signature V

* Try:
> Run with --stacktrace option to get the stack trace.
> Run with --info or --debug option to get more log output.
> Run with --scan to get full insights from a Build Scan (powered by Develocity).
> Get more help at https://help.gradle.org.

BUILD FAILED in 1m 44s
18 actionable tasks: 18 executed
