> Task :app:checkKotlinGradlePluginConfigurationErrors SKIPPED
> Task :app:preBuild UP-TO-DATE
> Task :app:preDebugBuild UP-TO-DATE
> Task :app:checkDebugAarMetadata UP-TO-DATE
> Task :app:generateDebugResValues UP-TO-DATE
> Task :app:mapDebugSourceSetPaths UP-TO-DATE
> Task :app:generateDebugResources UP-TO-DATE
> Task :app:mergeDebugResources UP-TO-DATE
> Task :app:packageDebugResources UP-TO-DATE
> Task :app:parseDebugLocalResources UP-TO-DATE
> Task :app:createDebugCompatibleScreenManifests UP-TO-DATE
> Task :app:extractDeepLinksDebug UP-TO-DATE
> Task :app:processDebugMainManifest UP-TO-DATE
> Task :app:processDebugManifest UP-TO-DATE
> Task :app:processDebugManifestForPackage UP-TO-DATE
> Task :app:processDebugResources UP-TO-DATE
> Task :app:javaPreCompileDebug UP-TO-DATE

> Task :app:kspDebugKotlin
w: [ksp] /Users/tommichaeli/AndroidStudioProjects/WorkoutApp/app/src/main/java/com/example/workoutapp/data/local/WorkoutDatabase.kt:46: Schema export directory was not provided to the annotation processor so Room cannot export the schema. You can either provide `room.schemaLocation` annotation processor argument by applying the Room Gradle plugin (id 'androidx.room') OR set exportSchema to false.

> Task :app:compileDebugKotlin
w: file:///Users/tommichaeli/AndroidStudioProjects/WorkoutApp/app/src/main/java/com/example/workoutapp/ui/workout/WorkoutScreens.kt:182:44 'val Icons.Filled.ArrowBack: ImageVector' is deprecated. Use the AutoMirrored version at Icons.AutoMirrored.Filled.ArrowBack.
w: file:///Users/tommichaeli/AndroidStudioProjects/WorkoutApp/app/src/main/java/com/example/workoutapp/ui/workout/WorkoutScreens.kt:493:44 'val Icons.Filled.ArrowBack: ImageVector' is deprecated. Use the AutoMirrored version at Icons.AutoMirrored.Filled.ArrowBack.
w: file:///Users/tommichaeli/AndroidStudioProjects/WorkoutApp/app/src/main/java/com/example/workoutapp/ui/workout/WorkoutScreens.kt:613:44 'val Icons.Filled.ArrowBack: ImageVector' is deprecated. Use the AutoMirrored version at Icons.AutoMirrored.Filled.ArrowBack.

> Task :app:compileDebugJavaWithJavac
> Task :app:hiltAggregateDepsDebug UP-TO-DATE
> Task :app:hiltJavaCompileDebug
> Task :app:bundleDebugClassesToCompileJar
> Task :app:kspDebugUnitTestKotlin
> Task :app:compileDebugUnitTestKotlin

[Incubating] Problems report is available at: file:///Users/tommichaeli/AndroidStudioProjects/WorkoutApp/build/reports/problems/problems-report.html

Deprecated Gradle features were used in this build, making it incompatible with Gradle 10.

You can use '--warning-mode all' to show the individual deprecation warnings and determine if they come from your own scripts or plugins.

For more on this, please refer to https://docs.gradle.org/9.3.1/userguide/command_line_interface.html#sec:command_line_warnings in the Gradle documentation.

BUILD SUCCESSFUL in 45s
22 actionable tasks: 7 executed, 15 up-to-date
Consider enabling configuration cache to speed up this build: https://docs.gradle.org/9.3.1/userguide/configuration_cache_enabling.html
